# JRE version: OpenJDK Runtime Environment Temurin-17.0.8.1+1 (17.0.8.1+1) (build 17.0.8.1+1)
# Java VM: OpenJDK 64-Bit Server VM Temurin-17.0.8.1+1 (17.0.8.1+1, mixed mode, emulated-client, tiered, compressed oops, compressed class ptrs, g1 gc, windows-amd64)
GC Precious Log:
 CPUs: 4 total, 4 available
 Memory: 3838M
 Large Page Support: Disabled
 NUMA Support: Disabled
 Compressed Oops: Enabled (32-bit)
 Heap Region Size: 1M
 Heap Min Capacity: 8M
 Heap Initial Capacity: 60M
 Heap Max Capacity: 1G
 Pre-touch: Disabled
 Parallel Workers: 4
 Concurrent Workers: 1
 Concurrent Refinement Workers: 4
 Periodic GC: Disabled
Heap:
 garbage-first heap   total 96256K, used 29782K [0x00000000c0000000, 0x0000000100000000)
  region size 1024K, 1 young (1024K), 0 survivors (0K)
 Metaspace       used 62590K, committed 63040K, reserved 1114112K
  class space    used 7841K, committed 8064K, reserved 1048576K
GC Heap History (20 events):
Event: 43384.142 GC heap before
{Heap before GC invocations=3714 (full 3278):
 garbage-first heap   total 140288K, used 44706K [0x00000000c0000000, 0x0000000100000000)
  region size 1024K, 1 young (1024K), 0 survivors (0K)
 Metaspace       used 62590K, committed 63040K, reserved 1114112K
  class space    used 7841K, committed 8064K, reserved 1048576K
}
Event: 43384.201 GC heap after
{Heap after GC invocations=3715 (full 3279):
 garbage-first heap   total 140288K, used 44706K [0x00000000c0000000, 0x0000000100000000)
  region size 1024K, 0 young (0K), 0 survivors (0K)
 Metaspace       used 62590K, committed 63040K, reserved 1114112K
  class space    used 7841K, committed 8064K, reserved 1048576K
}
Event: 43399.848 GC heap before
{Heap before GC invocations=3715 (full 3279):
 garbage-first heap   total 140288K, used 46754K [0x00000000c0000000, 0x0000000100000000)
  region size 1024K, 3 young (3072K), 0 survivors (0K)
 Metaspace       used 62590K, committed 63040K, reserved 1114112K
  class space    used 7841K, committed 8064K, reserved 1048576K
}
Event: 43399.867 GC heap after
{Heap after GC invocations=3716 (full 3279):
 garbage-first heap   total 140288K, used 45638K [0x00000000c0000000, 0x0000000100000000)
  region size 1024K, 1 young (1024K), 1 survivors (1024K)
 Metaspace       used 62590K, committed 63040K, reserved 1114112K
  class space    used 7841K, committed 8064K, reserved 1048576K
}
Event: 43438.987 GC heap before
{Heap before GC invocations=3717 (full 3279):
 garbage-first heap   total 140288K, used 114246K [0x00000000c0000000, 0x0000000100000000)
  region size 1024K, 68 young (69632K), 1 survivors (1024K)
 Metaspace       used 62597K, committed 63040K, reserved 1114112K
  class space    used 7842K, committed 8064K, reserved 1048576K
}
Event: 43439.069 GC heap after
{Heap after GC invocations=3718 (full 3279):
 garbage-first heap   total 140288K, used 50727K [0x00000000c0000000, 0x0000000100000000)
  region size 1024K, 6 young (6144K), 6 survivors (6144K)
 Metaspace       used 62597K, committed 63040K, reserved 1114112K
  class space    used 7842K, committed 8064K, reserved 1048576K
}
Event: 43439.076 GC heap before
{Heap before GC invocations=3718 (full 3279):
 garbage-first heap   total 140288K, used 51751K [0x00000000c0000000, 0x0000000100000000)
  region size 1024K, 7 young (7168K), 6 survivors (6144K)
 Metaspace       used 62597K, committed 63040K, reserved 1114112K
  class space    used 7842K, committed 8064K, reserved 1048576K
}
Event: 43439.099 GC heap after
{Heap after GC invocations=3719 (full 3279):
 garbage-first heap   total 140288K, used 48102K [0x00000000c0000000, 0x0000000100000000)
  region size 1024K, 1 young (1024K), 1 survivors (1024K)
 Metaspace       used 62597K, committed 63040K, reserved 1114112K
  class space    used 7842K, committed 8064K, reserved 1048576K
}
Event: 43516.192 GC heap before
{Heap before GC invocations=3719 (full 3279):
 garbage-first heap   total 140288K, used 97254K [0x00000000c0000000, 0x0000000100000000)
  region size 1024K, 51 young (52224K), 1 survivors (1024K)
 Metaspace       used 62610K, committed 63040K, reserved 1114112K
  class space    used 7844K, committed 8064K, reserved 1048576K
}
Event: 43518.114 GC heap after
{Heap after GC invocations=3720 (full 3280):
 garbage-first heap   total 126976K, used 35942K [0x00000000c0000000, 0x0000000100000000)
  region size 1024K, 0 young (0K), 0 survivors (0K)
 Metaspace       used 62600K, committed 63040K, reserved 1114112K
  class space    used 7842K, committed 8064K, reserved 1048576K
}
Event: 43528.243 GC heap before
{Heap before GC invocations=3720 (full 3280):
 garbage-first heap   total 126976K, used 35942K [0x00000000c0000000, 0x0000000100000000)
  region size 1024K, 1 young (1024K), 0 survivors (0K)
 Metaspace       used 62600K, committed 63040K, reserved 1114112K
  class space    used 7842K, committed 8064K, reserved 1048576K
}
Event: 43528.297 GC heap after
{Heap after GC invocations=3721 (full 3281):
 garbage-first heap   total 96256K, used 28082K [0x00000000c0000000, 0x0000000100000000)
  region size 1024K, 0 young (0K), 0 survivors (0K)
 Metaspace       used 62593K, committed 63040K, reserved 1114112K
  class space    used 7841K, committed 8064K, reserved 1048576K
}
Event: 43538.437 GC heap before
{Heap before GC invocations=3721 (full 3281):
 garbage-first heap   total 96256K, used 28082K [0x00000000c0000000, 0x0000000100000000)
  region size 1024K, 1 young (1024K), 0 survivors (0K)
 Metaspace       used 62593K, committed 63040K, reserved 1114112K
  class space    used 7841K, committed 8064K, reserved 1048576K
}
Event: 43538.491 GC heap after
{Heap after GC invocations=3722 (full 3282):
 garbage-first heap   total 96256K, used 28045K [0x00000000c0000000, 0x0000000100000000)
  region size 1024K, 0 young (0K), 0 survivors (0K)
 Metaspace       used 62580K, committed 63040K, reserved 1114112K
  class space    used 7839K, committed 8064K, reserved 1048576K
}
Event: 43578.740 GC heap before
{Heap before GC invocations=3722 (full 3282):
 garbage-first heap   total 96256K, used 31117K [0x00000000c0000000, 0x0000000100000000)
  region size 1024K, 4 young (4096K), 0 survivors (0K)
 Metaspace       used 62580K, committed 63040K, reserved 1114112K
  class space    used 7839K, committed 8064K, reserved 1048576K
}
Event: 43579.783 GC heap after
{Heap after GC invocations=3723 (full 3283):
 garbage-first heap   total 96256K, used 28044K [0x00000000c0000000, 0x0000000100000000)
  region size 1024K, 0 young (0K), 0 survivors (0K)
 Metaspace       used 62580K, committed 63040K, reserved 1114112K
  class space    used 7839K, committed 8064K, reserved 1048576K
}
Event: 43680.386 GC heap before
{Heap before GC invocations=3723 (full 3283):
 garbage-first heap   total 96256K, used 66956K [0x00000000c0000000, 0x0000000100000000)
  region size 1024K, 40 young (40960K), 0 survivors (0K)
 Metaspace       used 62694K, committed 63232K, reserved 1114112K
  class space    used 7858K, committed 8128K, reserved 1048576K
}
Event: 43681.782 GC heap after
{Heap after GC invocations=3724 (full 3284):
 garbage-first heap   total 96256K, used 29957K [0x00000000c0000000, 0x0000000100000000)
  region size 1024K, 0 young (0K), 0 survivors (0K)
 Metaspace       used 62694K, committed 63232K, reserved 1114112K
  class space    used 7858K, committed 8128K, reserved 1048576K
}
Event: 43692.395 GC heap before
{Heap before GC invocations=3724 (full 3284):
 garbage-first heap   total 96256K, used 29957K [0x00000000c0000000, 0x0000000100000000)
  region size 1024K, 1 young (1024K), 0 survivors (0K)
 Metaspace       used 62694K, committed 63232K, reserved 1114112K
  class space    used 7858K, committed 8128K, reserved 1048576K
}
Event: 43693.290 GC heap after
{Heap after GC invocations=3725 (full 3285):
 garbage-first heap   total 96256K, used 29782K [0x00000000c0000000, 0x0000000100000000)
  region size 1024K, 0 young (0K), 0 survivors (0K)
 Metaspace       used 62590K, committed 63040K, reserved 1114112K
  class space    used 7841K, committed 8064K, reserved 1048576K
}

